https://www.ettoday.net/news/20200620/1742639.htm
https://www.ettoday.net/news/20200620/1742667.htm
https://www.ettoday.net/news/20200621/1743190.htm
https://www.facebook.com/ETtoday88
https://forum.ettoday.net/news/1736308
https://forum.ettoday.net/news/1735546
https://forum.ettoday.net/news/1713004
https://forum.ettoday.net/news/1713092
https://www.facebook.com/ETtoday88/
http://events.ettoday.net/activity/ettoday88submit/167
https://www.ettoday.net/news/20200619/1741447.htm
https://www.ettoday.net/news/20200619/1740957.htm
https://www.ettoday.net/news/20200618/1740820.htm
https://www.ettoday.net/news/20200618/1740663.htm
https://www.ettoday.net/news/20200617/1739981.htm
https://forum.ettoday.net/news/1731167
https://forum.ettoday.net/news/1733951
https://forum.ettoday.net/news/1734006
https://forum.ettoday.net/news/1734470
https://www.ettoday.net/news/20200609/1733129.htm
https://www.ettoday.net/news/20200608/1732937.htm
https://www.ettoday.net/news/20200608/1732791.htm
https://www.ettoday.net/news/20200606/1731858.htm
https://www.ettoday.net/news/20200607/1732190.htm
https://www.ettoday.net/news/20200611/1735010.htm
https://www.ettoday.net/news/20200611/1735008.htm
https://www.ettoday.net/news/20200610/1734949.htm
https://www.ettoday.net/news/20200610/1734977.htm
https://www.ettoday.net/news/20200610/1734957.htm
https://forum.ettoday.net/news/1736028
https://forum.ettoday.net
https://events.ettoday.net/activity/ettoday88submit/167
https://events.ettoday.net/activity/ettoday88submit/168
https://forum.ettoday.net/index.phtml
https://forum.ettoday.net/newslist/680
https://forum.ettoday.net/newslist/677
https://forum.ettoday.net/newslist/285
https://forum.ettoday.net/newslist/282
https://forum.ettoday.net/newslist/679
https://forum.ettoday.net/newslist/678
https://forum.ettoday.net/newslist/681
https://forum.ettoday.net/newslist/682
https://forum.ettoday.net/newslist/291
https://forum.ettoday.net/newslist/683
https://forum.ettoday.net/newslist/684
https://forum.ettoday.net/newslist/676
https://forum.ettoday.net/news/1735101
https://forum.ettoday.net/news/1735545
https://forum.ettoday.net/news/1740554
https://forum.ettoday.net/news/1738723
