https://www.storm.mg/article/2049585
https://www.storm.mg/article/2032907
https://www.storm.mg/article/2015806
https://www.storm.mg/article/1160607
/category/k4470
/category/k4863
/category/k5375
/category/k6084
/category/k6297
/category/k24373
/member/login?redirect_uri=%2Farticle%2F817890
whatsapp://send?text=https://www.storm.mg/article/817890
http://service.weibo.com/share/share.php?url=https://www.storm.mg/article/817890
mailto:https://www.storm.mg/article/817890
https://lineit.line.me/share/ui?url=https://www.storm.mg/article/817890
https://t.co/bXT7KFQGXa
https://twitter.com/DiscoveryID/status/1082721203926822912?ref_src=twsrc%5Etfw
https://t.co/iOpRF2W3Ax
https://twitter.com/mcguirereports/status/1083723083486236673?ref_src=twsrc%5Etfw
https://www.storm.mg/article/496396
https://www.storm.mg/article/360219
https://www.storm.mg/article/504749
https://www.storm.mg/article/570328
